build/app/intermediates/manifest_merge_blame_file/debug/manifest-merger-blame-debug-report.txt
1<?xml version="1.0" encoding="utf-8"?>
2<manifest xmlns:android="http://schemas.android.com/apk/res/android"
3    package="com.example.grab"
4    android:versionCode="1"
5    android:versionName="1.0.0" >
6
7    <uses-sdk
8        android:minSdkVersion="23"
9        android:targetSdkVersion="34" />
10    <!--
11         The INTERNET permission is required for development. Specifically,
12         the Flutter tool needs it to communicate with the running application
13         to allow setting breakpoints, to provide hot reload, etc.
14    -->
15    <uses-permission android:name="android.permission.INTERNET" />
15-->src\debug\AndroidManifest.xml:6:5-66
15-->src\debug\AndroidManifest.xml:6:22-64
16    <uses-permission android:name="android.permission.RECEIVE_SMS" />
16-->src\main\AndroidManifest.xml:3:5-69
16-->src\main\AndroidManifest.xml:3:22-67
17    <uses-permission android:name="android.permission.READ_SMS" />
17-->src\main\AndroidManifest.xml:4:5-66
17-->src\main\AndroidManifest.xml:4:22-64
18
19    <uses-feature
19-->src\main\AndroidManifest.xml:5:5-7:36
20        android:name="android.hardware.telephony"
20-->src\main\AndroidManifest.xml:6:9-50
21        android:required="false" />
21-->src\main\AndroidManifest.xml:7:9-33
22
23    <uses-permission android:name="android.permission.SEND_SMS" />
23-->src\main\AndroidManifest.xml:8:5-67
23-->src\main\AndroidManifest.xml:8:22-64
24    <!--
25 Required to query activities that can process text, see:
26         https://developer.android.com/training/package-visibility?hl=en and
27         https://developer.android.com/reference/android/content/Intent#ACTION_PROCESS_TEXT.
28
29         In particular, this is used by the Flutter engine in io.flutter.plugin.text.ProcessTextPlugin.
30    -->
31    <queries>
31-->src\main\AndroidManifest.xml:47:5-52:15
32        <intent>
32-->src\main\AndroidManifest.xml:48:9-51:18
33            <action android:name="android.intent.action.PROCESS_TEXT" />
33-->src\main\AndroidManifest.xml:49:13-72
33-->src\main\AndroidManifest.xml:49:21-70
34
35            <data android:mimeType="text/plain" />
35-->src\main\AndroidManifest.xml:50:13-50
35-->src\main\AndroidManifest.xml:50:19-48
36        </intent>
37        <intent>
37-->[com.razorpay:checkout:1.6.39] AndroidManifest.xml:11:9-17:18
38            <action android:name="android.intent.action.VIEW" />
38-->[com.google.firebase:firebase-auth:23.0.0] AndroidManifest.xml:36:17-69
38-->[com.google.firebase:firebase-auth:23.0.0] AndroidManifest.xml:36:25-66
39
40            <data
40-->src\main\AndroidManifest.xml:50:13-50
41                android:mimeType="*/*"
41-->src\main\AndroidManifest.xml:50:19-48
42                android:scheme="*" />
43        </intent>
44        <intent>
44-->[com.razorpay:checkout:1.6.39] AndroidManifest.xml:18:9-27:18
45            <action android:name="android.intent.action.VIEW" />
45-->[com.google.firebase:firebase-auth:23.0.0] AndroidManifest.xml:36:17-69
45-->[com.google.firebase:firebase-auth:23.0.0] AndroidManifest.xml:36:25-66
46
47            <category android:name="android.intent.category.BROWSABLE" />
47-->[com.google.firebase:firebase-auth:23.0.0] AndroidManifest.xml:39:17-78
47-->[com.google.firebase:firebase-auth:23.0.0] AndroidManifest.xml:39:27-75
48
49            <data
49-->src\main\AndroidManifest.xml:50:13-50
50                android:host="pay"
51                android:mimeType="*/*"
51-->src\main\AndroidManifest.xml:50:19-48
52                android:scheme="upi" />
53        </intent>
54        <intent>
54-->[com.razorpay:checkout:1.6.39] AndroidManifest.xml:28:9-30:18
55            <action android:name="android.intent.action.MAIN" />
55-->[com.razorpay:checkout:1.6.39] AndroidManifest.xml:29:13-65
55-->[com.razorpay:checkout:1.6.39] AndroidManifest.xml:29:21-62
56        </intent>
57        <intent>
57-->[com.razorpay:checkout:1.6.39] AndroidManifest.xml:31:9-35:18
58            <action android:name="android.intent.action.SEND" />
58-->[com.razorpay:checkout:1.6.39] AndroidManifest.xml:32:13-65
58-->[com.razorpay:checkout:1.6.39] AndroidManifest.xml:32:21-62
59
60            <data android:mimeType="*/*" />
60-->src\main\AndroidManifest.xml:50:13-50
60-->src\main\AndroidManifest.xml:50:19-48
61        </intent>
62        <intent>
62-->[com.razorpay:checkout:1.6.39] AndroidManifest.xml:36:9-38:18
63            <action android:name="rzp.device_token.share" />
63-->[com.razorpay:checkout:1.6.39] AndroidManifest.xml:37:13-61
63-->[com.razorpay:checkout:1.6.39] AndroidManifest.xml:37:21-58
64        </intent> <!-- Needs to be explicitly declared on Android R+ -->
65        <package android:name="com.google.android.apps.maps" />
65-->[com.google.android.gms:play-services-maps:18.2.0] AndroidManifest.xml:33:9-64
65-->[com.google.android.gms:play-services-maps:18.2.0] AndroidManifest.xml:33:18-61
66    </queries>
67
68    <uses-permission android:name="android.permission.ACCESS_COARSE_LOCATION" />
68-->[:location] AndroidManifest.xml:9:5-81
68-->[:location] AndroidManifest.xml:9:22-78
69    <uses-permission android:name="android.permission.ACCESS_FINE_LOCATION" />
69-->[:location] AndroidManifest.xml:10:5-79
69-->[:location] AndroidManifest.xml:10:22-76
70    <uses-permission android:name="android.permission.ACCESS_NETWORK_STATE" />
70-->[com.google.firebase:firebase-auth:23.0.0] AndroidManifest.xml:26:5-79
70-->[com.google.firebase:firebase-auth:23.0.0] AndroidManifest.xml:26:22-76
71    <uses-permission android:name="com.google.android.providers.gsf.permission.READ_GSERVICES" />
71-->[com.google.android.recaptcha:recaptcha:18.4.0] AndroidManifest.xml:9:5-98
71-->[com.google.android.recaptcha:recaptcha:18.4.0] AndroidManifest.xml:9:22-95
72
73    <uses-feature
73-->[com.google.android.gms:play-services-maps:18.2.0] AndroidManifest.xml:26:5-28:35
74        android:glEsVersion="0x00020000"
74-->[com.google.android.gms:play-services-maps:18.2.0] AndroidManifest.xml:27:9-41
75        android:required="true" />
75-->[com.google.android.gms:play-services-maps:18.2.0] AndroidManifest.xml:28:9-32
76
77    <permission
77-->[androidx.core:core:1.10.1] AndroidManifest.xml:22:5-24:47
78        android:name="com.example.grab.DYNAMIC_RECEIVER_NOT_EXPORTED_PERMISSION"
78-->[androidx.core:core:1.10.1] AndroidManifest.xml:23:9-81
79        android:protectionLevel="signature" />
79-->[androidx.core:core:1.10.1] AndroidManifest.xml:24:9-44
80
81    <uses-permission android:name="com.example.grab.DYNAMIC_RECEIVER_NOT_EXPORTED_PERMISSION" />
81-->[androidx.core:core:1.10.1] AndroidManifest.xml:26:5-97
81-->[androidx.core:core:1.10.1] AndroidManifest.xml:26:22-94
82
83    <application
84        android:name="android.app.Application"
85        android:appComponentFactory="androidx.core.app.CoreComponentFactory"
85-->[androidx.core:core:1.10.1] AndroidManifest.xml:28:18-86
86        android:debuggable="true"
87        android:extractNativeLibs="false"
88        android:icon="@mipmap/ic_launcher"
89        android:label="grab" >
90        <activity
91            android:name="com.example.grab.MainActivity"
92            android:configChanges="orientation|keyboardHidden|keyboard|screenSize|smallestScreenSize|locale|layoutDirection|fontScale|screenLayout|density|uiMode"
93            android:exported="true"
94            android:hardwareAccelerated="true"
95            android:launchMode="singleTop"
96            android:theme="@style/LaunchTheme"
97            android:windowSoftInputMode="adjustResize" >
98
99            <!--
100                 Specifies an Android theme to apply to this Activity as soon as
101                 the Android process has started. This theme is visible to the user
102                 while the Flutter UI initializes. After that, this theme continues
103                 to determine the Window background behind the Flutter UI.
104            -->
105            <meta-data
106                android:name="io.flutter.embedding.android.NormalTheme"
107                android:resource="@style/NormalTheme" />
108
109            <intent-filter>
110                <action android:name="android.intent.action.MAIN" />
110-->[com.razorpay:checkout:1.6.39] AndroidManifest.xml:29:13-65
110-->[com.razorpay:checkout:1.6.39] AndroidManifest.xml:29:21-62
111
112                <category android:name="android.intent.category.LAUNCHER" />
113            </intent-filter>
114        </activity>
115        <!--
116             Don't delete the meta-data below.
117             This is used by the Flutter tool to generate GeneratedPluginRegistrant.java
118        -->
119        <meta-data
120            android:name="flutterEmbedding"
121            android:value="2" />
122        <meta-data
123            android:name="com.google.android.geo.API_KEY"
124            android:value="AIzaSyA1fCgfDmhzQ_KvDTaXPo9TlkOXoJ8ZJns" />
125
126        <service
126-->[:firebase_auth] AndroidManifest.xml:10:9-14:19
127            android:name="com.google.firebase.components.ComponentDiscoveryService"
127-->[:firebase_auth] AndroidManifest.xml:10:18-89
128            android:directBootAware="true"
128-->[com.google.firebase:firebase-common:21.0.0] AndroidManifest.xml:32:13-43
129            android:exported="false" >
129-->[com.google.firebase:firebase-auth:23.0.0] AndroidManifest.xml:68:13-37
130            <meta-data
130-->[:firebase_auth] AndroidManifest.xml:11:13-13:85
131                android:name="com.google.firebase.components:io.flutter.plugins.firebase.auth.FlutterFirebaseAuthRegistrar"
131-->[:firebase_auth] AndroidManifest.xml:12:17-124
132                android:value="com.google.firebase.components.ComponentRegistrar" />
132-->[:firebase_auth] AndroidManifest.xml:13:17-82
133            <meta-data
133-->[:firebase_core] AndroidManifest.xml:11:13-13:85
134                android:name="com.google.firebase.components:io.flutter.plugins.firebase.core.FlutterFirebaseCoreRegistrar"
134-->[:firebase_core] AndroidManifest.xml:12:17-124
135                android:value="com.google.firebase.components.ComponentRegistrar" />
135-->[:firebase_core] AndroidManifest.xml:13:17-82
136            <meta-data
136-->[com.google.firebase:firebase-auth:23.0.0] AndroidManifest.xml:69:13-71:85
137                android:name="com.google.firebase.components:com.google.firebase.auth.FirebaseAuthRegistrar"
137-->[com.google.firebase:firebase-auth:23.0.0] AndroidManifest.xml:70:17-109
138                android:value="com.google.firebase.components.ComponentRegistrar" />
138-->[com.google.firebase:firebase-auth:23.0.0] AndroidManifest.xml:71:17-82
139            <meta-data
139-->[com.google.firebase:firebase-common-ktx:21.0.0] AndroidManifest.xml:12:13-14:85
140                android:name="com.google.firebase.components:com.google.firebase.ktx.FirebaseCommonLegacyRegistrar"
140-->[com.google.firebase:firebase-common-ktx:21.0.0] AndroidManifest.xml:13:17-116
141                android:value="com.google.firebase.components.ComponentRegistrar" />
141-->[com.google.firebase:firebase-common-ktx:21.0.0] AndroidManifest.xml:14:17-82
142            <meta-data
142-->[com.google.firebase:firebase-common:21.0.0] AndroidManifest.xml:35:13-37:85
143                android:name="com.google.firebase.components:com.google.firebase.FirebaseCommonKtxRegistrar"
143-->[com.google.firebase:firebase-common:21.0.0] AndroidManifest.xml:36:17-109
144                android:value="com.google.firebase.components.ComponentRegistrar" />
144-->[com.google.firebase:firebase-common:21.0.0] AndroidManifest.xml:37:17-82
145        </service>
146        <service
146-->[:location] AndroidManifest.xml:13:9-17:56
147            android:name="com.lyokone.location.FlutterLocationService"
147-->[:location] AndroidManifest.xml:14:13-71
148            android:enabled="true"
148-->[:location] AndroidManifest.xml:15:13-35
149            android:exported="false"
149-->[:location] AndroidManifest.xml:16:13-37
150            android:foregroundServiceType="location" />
150-->[:location] AndroidManifest.xml:17:13-53
151
152        <activity
152-->[com.google.firebase:firebase-auth:23.0.0] AndroidManifest.xml:29:9-46:20
153            android:name="com.google.firebase.auth.internal.GenericIdpActivity"
153-->[com.google.firebase:firebase-auth:23.0.0] AndroidManifest.xml:30:13-80
154            android:excludeFromRecents="true"
154-->[com.google.firebase:firebase-auth:23.0.0] AndroidManifest.xml:31:13-46
155            android:exported="true"
155-->[com.google.firebase:firebase-auth:23.0.0] AndroidManifest.xml:32:13-36
156            android:launchMode="singleTask"
156-->[com.google.firebase:firebase-auth:23.0.0] AndroidManifest.xml:33:13-44
157            android:theme="@android:style/Theme.Translucent.NoTitleBar" >
157-->[com.google.firebase:firebase-auth:23.0.0] AndroidManifest.xml:34:13-72
158            <intent-filter>
158-->[com.google.firebase:firebase-auth:23.0.0] AndroidManifest.xml:35:13-45:29
159                <action android:name="android.intent.action.VIEW" />
159-->[com.google.firebase:firebase-auth:23.0.0] AndroidManifest.xml:36:17-69
159-->[com.google.firebase:firebase-auth:23.0.0] AndroidManifest.xml:36:25-66
160
161                <category android:name="android.intent.category.DEFAULT" />
161-->[com.google.firebase:firebase-auth:23.0.0] AndroidManifest.xml:38:17-76
161-->[com.google.firebase:firebase-auth:23.0.0] AndroidManifest.xml:38:27-73
162                <category android:name="android.intent.category.BROWSABLE" />
162-->[com.google.firebase:firebase-auth:23.0.0] AndroidManifest.xml:39:17-78
162-->[com.google.firebase:firebase-auth:23.0.0] AndroidManifest.xml:39:27-75
163
164                <data
164-->src\main\AndroidManifest.xml:50:13-50
165                    android:host="firebase.auth"
166                    android:path="/"
167                    android:scheme="genericidp" />
168            </intent-filter>
169        </activity>
170        <activity
170-->[com.google.firebase:firebase-auth:23.0.0] AndroidManifest.xml:47:9-64:20
171            android:name="com.google.firebase.auth.internal.RecaptchaActivity"
171-->[com.google.firebase:firebase-auth:23.0.0] AndroidManifest.xml:48:13-79
172            android:excludeFromRecents="true"
172-->[com.google.firebase:firebase-auth:23.0.0] AndroidManifest.xml:49:13-46
173            android:exported="true"
173-->[com.google.firebase:firebase-auth:23.0.0] AndroidManifest.xml:50:13-36
174            android:launchMode="singleTask"
174-->[com.google.firebase:firebase-auth:23.0.0] AndroidManifest.xml:51:13-44
175            android:theme="@android:style/Theme.Translucent.NoTitleBar" >
175-->[com.google.firebase:firebase-auth:23.0.0] AndroidManifest.xml:52:13-72
176            <intent-filter>
176-->[com.google.firebase:firebase-auth:23.0.0] AndroidManifest.xml:53:13-63:29
177                <action android:name="android.intent.action.VIEW" />
177-->[com.google.firebase:firebase-auth:23.0.0] AndroidManifest.xml:36:17-69
177-->[com.google.firebase:firebase-auth:23.0.0] AndroidManifest.xml:36:25-66
178
179                <category android:name="android.intent.category.DEFAULT" />
179-->[com.google.firebase:firebase-auth:23.0.0] AndroidManifest.xml:38:17-76
179-->[com.google.firebase:firebase-auth:23.0.0] AndroidManifest.xml:38:27-73
180                <category android:name="android.intent.category.BROWSABLE" />
180-->[com.google.firebase:firebase-auth:23.0.0] AndroidManifest.xml:39:17-78
180-->[com.google.firebase:firebase-auth:23.0.0] AndroidManifest.xml:39:27-75
181
182                <data
182-->src\main\AndroidManifest.xml:50:13-50
183                    android:host="firebase.auth"
184                    android:path="/"
185                    android:scheme="recaptcha" />
186            </intent-filter>
187        </activity>
188
189        <uses-library
189-->[androidx.window:window:1.0.0-beta04] AndroidManifest.xml:25:9-27:40
190            android:name="androidx.window.extensions"
190-->[androidx.window:window:1.0.0-beta04] AndroidManifest.xml:26:13-54
191            android:required="false" />
191-->[androidx.window:window:1.0.0-beta04] AndroidManifest.xml:27:13-37
192        <uses-library
192-->[androidx.window:window:1.0.0-beta04] AndroidManifest.xml:28:9-30:40
193            android:name="androidx.window.sidecar"
193-->[androidx.window:window:1.0.0-beta04] AndroidManifest.xml:29:13-51
194            android:required="false" />
194-->[androidx.window:window:1.0.0-beta04] AndroidManifest.xml:30:13-37
195
196        <service
196-->[androidx.credentials:credentials-play-services-auth:1.2.0-rc01] AndroidManifest.xml:24:9-32:19
197            android:name="androidx.credentials.playservices.CredentialProviderMetadataHolder"
197-->[androidx.credentials:credentials-play-services-auth:1.2.0-rc01] AndroidManifest.xml:25:13-94
198            android:enabled="true"
198-->[androidx.credentials:credentials-play-services-auth:1.2.0-rc01] AndroidManifest.xml:26:13-35
199            android:exported="false" >
199-->[androidx.credentials:credentials-play-services-auth:1.2.0-rc01] AndroidManifest.xml:27:13-37
200            <meta-data
200-->[androidx.credentials:credentials-play-services-auth:1.2.0-rc01] AndroidManifest.xml:29:13-31:104
201                android:name="androidx.credentials.CREDENTIAL_PROVIDER_KEY"
201-->[androidx.credentials:credentials-play-services-auth:1.2.0-rc01] AndroidManifest.xml:30:17-76
202                android:value="androidx.credentials.playservices.CredentialProviderPlayServicesImpl" />
202-->[androidx.credentials:credentials-play-services-auth:1.2.0-rc01] AndroidManifest.xml:31:17-101
203        </service>
204
205        <activity
205-->[androidx.credentials:credentials-play-services-auth:1.2.0-rc01] AndroidManifest.xml:34:9-41:20
206            android:name="androidx.credentials.playservices.HiddenActivity"
206-->[androidx.credentials:credentials-play-services-auth:1.2.0-rc01] AndroidManifest.xml:35:13-76
207            android:configChanges="orientation|screenSize|screenLayout|keyboardHidden"
207-->[androidx.credentials:credentials-play-services-auth:1.2.0-rc01] AndroidManifest.xml:36:13-87
208            android:enabled="true"
208-->[androidx.credentials:credentials-play-services-auth:1.2.0-rc01] AndroidManifest.xml:37:13-35
209            android:exported="false"
209-->[androidx.credentials:credentials-play-services-auth:1.2.0-rc01] AndroidManifest.xml:38:13-37
210            android:fitsSystemWindows="true"
210-->[androidx.credentials:credentials-play-services-auth:1.2.0-rc01] AndroidManifest.xml:39:13-45
211            android:theme="@style/Theme.Hidden" >
211-->[androidx.credentials:credentials-play-services-auth:1.2.0-rc01] AndroidManifest.xml:40:13-48
212        </activity>
213
214        <provider
214-->[com.google.firebase:firebase-common:21.0.0] AndroidManifest.xml:23:9-28:39
215            android:name="com.google.firebase.provider.FirebaseInitProvider"
215-->[com.google.firebase:firebase-common:21.0.0] AndroidManifest.xml:24:13-77
216            android:authorities="com.example.grab.firebaseinitprovider"
216-->[com.google.firebase:firebase-common:21.0.0] AndroidManifest.xml:25:13-72
217            android:directBootAware="true"
217-->[com.google.firebase:firebase-common:21.0.0] AndroidManifest.xml:26:13-43
218            android:exported="false"
218-->[com.google.firebase:firebase-common:21.0.0] AndroidManifest.xml:27:13-37
219            android:initOrder="100" />
219-->[com.google.firebase:firebase-common:21.0.0] AndroidManifest.xml:28:13-36
220
221        <receiver
221-->[com.razorpay:checkout:1.6.39] AndroidManifest.xml:42:9-49:20
222            android:name="com.razorpay.RzpTokenReceiver"
222-->[com.razorpay:checkout:1.6.39] AndroidManifest.xml:43:13-57
223            android:exported="true" >
223-->[com.razorpay:checkout:1.6.39] AndroidManifest.xml:44:13-36
224            <intent-filter>
224-->[com.razorpay:checkout:1.6.39] AndroidManifest.xml:46:13-48:29
225                <action android:name="rzp.device_token.share" />
225-->[com.razorpay:checkout:1.6.39] AndroidManifest.xml:37:13-61
225-->[com.razorpay:checkout:1.6.39] AndroidManifest.xml:37:21-58
226            </intent-filter>
227        </receiver>
228
229        <activity
229-->[com.razorpay:checkout:1.6.39] AndroidManifest.xml:51:9-59:20
230            android:name="com.razorpay.CheckoutActivity"
230-->[com.razorpay:checkout:1.6.39] AndroidManifest.xml:52:13-57
231            android:configChanges="keyboard|keyboardHidden|orientation|screenSize"
231-->[com.razorpay:checkout:1.6.39] AndroidManifest.xml:53:13-83
232            android:exported="false"
232-->[com.razorpay:checkout:1.6.39] AndroidManifest.xml:54:13-37
233            android:theme="@style/CheckoutTheme" >
233-->[com.razorpay:checkout:1.6.39] AndroidManifest.xml:55:13-49
234            <intent-filter>
234-->[com.razorpay:checkout:1.6.39] AndroidManifest.xml:56:13-58:29
235                <action android:name="android.intent.action.MAIN" />
235-->[com.razorpay:checkout:1.6.39] AndroidManifest.xml:29:13-65
235-->[com.razorpay:checkout:1.6.39] AndroidManifest.xml:29:21-62
236            </intent-filter>
237        </activity>
238
239        <meta-data
239-->[com.razorpay:checkout:1.6.39] AndroidManifest.xml:61:9-63:58
240            android:name="com.razorpay.plugin.googlepay_all"
240-->[com.razorpay:checkout:1.6.39] AndroidManifest.xml:62:13-61
241            android:value="com.razorpay.RzpGpayMerged" /> <!-- Needs to be explicitly declared on P+ -->
241-->[com.razorpay:checkout:1.6.39] AndroidManifest.xml:63:13-55
242        <uses-library
242-->[com.google.android.gms:play-services-maps:18.2.0] AndroidManifest.xml:39:9-41:40
243            android:name="org.apache.http.legacy"
243-->[com.google.android.gms:play-services-maps:18.2.0] AndroidManifest.xml:40:13-50
244            android:required="false" />
244-->[com.google.android.gms:play-services-maps:18.2.0] AndroidManifest.xml:41:13-37
245
246        <activity
246-->[com.google.android.gms:play-services-auth:21.1.0] AndroidManifest.xml:23:9-27:75
247            android:name="com.google.android.gms.auth.api.signin.internal.SignInHubActivity"
247-->[com.google.android.gms:play-services-auth:21.1.0] AndroidManifest.xml:24:13-93
248            android:excludeFromRecents="true"
248-->[com.google.android.gms:play-services-auth:21.1.0] AndroidManifest.xml:25:13-46
249            android:exported="false"
249-->[com.google.android.gms:play-services-auth:21.1.0] AndroidManifest.xml:26:13-37
250            android:theme="@android:style/Theme.Translucent.NoTitleBar" />
250-->[com.google.android.gms:play-services-auth:21.1.0] AndroidManifest.xml:27:13-72
251        <!--
252            Service handling Google Sign-In user revocation. For apps that do not integrate with
253            Google Sign-In, this service will never be started.
254        -->
255        <service
255-->[com.google.android.gms:play-services-auth:21.1.0] AndroidManifest.xml:33:9-37:51
256            android:name="com.google.android.gms.auth.api.signin.RevocationBoundService"
256-->[com.google.android.gms:play-services-auth:21.1.0] AndroidManifest.xml:34:13-89
257            android:exported="true"
257-->[com.google.android.gms:play-services-auth:21.1.0] AndroidManifest.xml:35:13-36
258            android:permission="com.google.android.gms.auth.api.signin.permission.REVOCATION_NOTIFICATION"
258-->[com.google.android.gms:play-services-auth:21.1.0] AndroidManifest.xml:36:13-107
259            android:visibleToInstantApps="true" />
259-->[com.google.android.gms:play-services-auth:21.1.0] AndroidManifest.xml:37:13-48
260
261        <activity
261-->[com.google.android.gms:play-services-base:18.3.0] AndroidManifest.xml:20:9-22:45
262            android:name="com.google.android.gms.common.api.GoogleApiActivity"
262-->[com.google.android.gms:play-services-base:18.3.0] AndroidManifest.xml:20:19-85
263            android:exported="false"
263-->[com.google.android.gms:play-services-base:18.3.0] AndroidManifest.xml:22:19-43
264            android:theme="@android:style/Theme.Translucent.NoTitleBar" />
264-->[com.google.android.gms:play-services-base:18.3.0] AndroidManifest.xml:21:19-78
265
266        <meta-data
266-->[com.google.android.gms:play-services-basement:18.3.0] AndroidManifest.xml:21:9-23:69
267            android:name="com.google.android.gms.version"
267-->[com.google.android.gms:play-services-basement:18.3.0] AndroidManifest.xml:22:13-58
268            android:value="@integer/google_play_services_version" />
268-->[com.google.android.gms:play-services-basement:18.3.0] AndroidManifest.xml:23:13-66
269    </application>
270
271</manifest>